{
  "stats": {
    "suites": 2,
    "tests": 1,
    "passes": 0,
    "pending": 0,
    "failures": 1,
    "start": "2025-06-25T15:18:01.605Z",
    "end": "2025-06-25T15:18:19.940Z",
    "duration": 18335,
    "testsRegistered": 1,
    "passPercent": 0,
    "pendingPercent": 0,
    "other": 0,
    "hasOther": false,
    "skipped": 0,
    "hasSkipped": false
  },
  "results": [
    {
      "uuid": "60570a83-e16c-478f-9d28-d26c1ab1a70e",
      "title": "",
      "fullFile": "cypress\\e2e\\order\\placeMultipleProducts.cy.js",
      "file": "cypress\\e2e\\order\\placeMultipleProducts.cy.js",
      "beforeHooks": [],
      "afterHooks": [],
      "tests": [],
      "suites": [
        {
          "uuid": "b643e2cf-2b69-413e-88b7-cd4c76a94273",
          "title": "Test Case (B):",
          "fullFile": "",
          "file": "",
          "beforeHooks": [],
          "afterHooks": [],
          "tests": [],
          "suites": [
            {
              "uuid": "3d8ea3c4-6fb3-42ac-8a9c-ad702fe5d8ea",
              "title": "Place order with multiple products (apply price calculation checks)",
              "fullFile": "",
              "file": "",
              "beforeHooks": [],
              "afterHooks": [],
              "tests": [
                {
                  "title": "Register a new user and verify success message",
                  "fullTitle": "Test Case (B): Place order with multiple products (apply price calculation checks) Register a new user and verify success message",
                  "timedOut": null,
                  "duration": 18272,
                  "state": "failed",
                  "speed": null,
                  "pass": false,
                  "fail": true,
                  "pending": false,
                  "context": "[\n  {\n    \"title\": \"cypress-mochawesome-reporter-videos-failed\",\n    \"value\": \"cypress\\\\e2e\\\\order\\\\placeMultipleProducts.cy.js\"\n  },\n  {\n    \"title\": \"cypress-mochawesome-reporter-screenshots\",\n    \"value\": [\n      [\n        \"\\\\order\\\\placeMultipleProducts.cy.js\\\\Test Case (B) -- Place order with multiple products (apply price calculation checks) -- Register a new user and verify success message (failed).png\"\n      ]\n    ]\n  }\n]",
                  "code": "",
                  "err": {
                    "message": "AssertionError: Timed out retrying after 4000ms: Expected to find element: `[class=\"swatch-option color\"]`, but never found it. Queried from:\n\n              > <span.price>",
                    "estack": "AssertionError: Timed out retrying after 4000ms: Expected to find element: `[class=\"swatch-option color\"]`, but never found it. Queried from:\n\n              > <span.price>\n    at Context.eval (webpack:///./cypress/e2e/order/placeMultipleProducts.cy.js:43:19)\n    at Context.callback (https://magento.softwaretestingboard.com/__cypress/runner/cypress_runner.js:121176:26)\n    at getRet (https://magento.softwaretestingboard.com/__cypress/runner/cypress_runner.js:120941:20)\n    at tryCatcher (https://magento.softwaretestingboard.com/__cypress/runner/cypress_runner.js:1777:23)\n    at Promise.attempt.Promise.try (https://magento.softwaretestingboard.com/__cypress/runner/cypress_runner.js:4285:29)\n    at thenFn (https://magento.softwaretestingboard.com/__cypress/runner/cypress_runner.js:120952:66)\n    at yieldItem (https://magento.softwaretestingboard.com/__cypress/runner/cypress_runner.js:121184:16)\n    at tryCatcher (https://magento.softwaretestingboard.com/__cypress/runner/cypress_runner.js:1777:23)\n    at Object.gotValue (https://magento.softwaretestingboard.com/__cypress/runner/cypress_runner.js:6446:18)",
                    "diff": null
                  },
                  "uuid": "da05474b-2121-4225-976d-b5c47140fb72",
                  "parentUUID": "3d8ea3c4-6fb3-42ac-8a9c-ad702fe5d8ea",
                  "isHook": false,
                  "skipped": false
                }
              ],
              "suites": [],
              "passes": [],
              "failures": [
                "da05474b-2121-4225-976d-b5c47140fb72"
              ],
              "pending": [],
              "skipped": [],
              "duration": 18272,
              "root": false,
              "rootEmpty": false,
              "_timeout": 2000
            }
          ],
          "passes": [],
          "failures": [],
          "pending": [],
          "skipped": [],
          "duration": 0,
          "root": false,
          "rootEmpty": false,
          "_timeout": 2000
        }
      ],
      "passes": [],
      "failures": [],
      "pending": [],
      "skipped": [],
      "duration": 0,
      "root": true,
      "rootEmpty": true,
      "_timeout": 2000
    }
  ],
  "meta": {
    "mocha": {
      "version": "7.2.0"
    },
    "mochawesome": {
      "options": {
        "quiet": false,
        "reportFilename": "trusygnal-automation-report",
        "saveHtml": false,
        "saveJson": true,
        "consoleReporter": "spec",
        "useInlineDiffs": false,
        "code": false
      },
      "version": "7.1.3"
    },
    "marge": {
      "options": {
        "reportDir": "cypress\\reports\\.jsons",
        "reportFilename": "trusygnal-automation-report",
        "charts": true,
        "reportPageTitle": "TruSygnals Automation Suite Execution Report",
        "embeddedScreenshots": true,
        "inlineAssets": true,
        "saveAllAttempts": true,
        "showHooks": "none",
        "code": false,
        "overwrite": false,
        "html": false,
        "json": true
      },
      "version": "6.2.0"
    }
  }
}